

Microchip Technology PIC18 LITE Macro Assembler V1.45 build -152302408 
                                                                                               Wed Jun 20 15:40:09 2018

Microchip Technology Omniscient Code Generator v1.45 (Free mode) build 201711160504
     1                           	processor	18F24K22
     2                           	fnconf	rparam,??,?,0
     3                           	opt	pw 120
     4                           	opt	lm
     5                           	psect	cinit,global,reloc=2,class=CODE,delta=1
     6                           	psect	cstackCOMRAM,global,class=COMRAM,space=1,delta=1,noexec
     7                           	psect	text0,global,reloc=2,class=CODE,delta=1
     8                           	psect	text1,global,reloc=2,class=CODE,delta=1
     9                           	psect	text2,global,reloc=2,class=CODE,delta=1
    10                           	psect	text3,global,reloc=2,class=CODE,delta=1
    11                           	psect	intsave_regs,global,class=BIGRAM,space=1,delta=1,noexec
    12                           	psect	rparam,global,class=COMRAM,space=1,delta=1,noexec
    13  0000                     
    14                           ; Version 1.45
    15                           ; Generated 16/11/2017 GMT
    16                           ; 
    17                           ; Copyright © 2017, Microchip Technology Inc. and its subsidiaries ("Microchip")
    18                           ; All rights reserved.
    19                           ; 
    20                           ; This software is developed by Microchip Technology Inc. and its subsidiaries ("Microch
      +                          ip").
    21                           ; 
    22                           ; Redistribution and use in source and binary forms, with or without modification, are
    23                           ; permitted provided that the following conditions are met:
    24                           ; 
    25                           ;     1. Redistributions of source code must retain the above copyright notice, this lis
      +                          t of
    26                           ;        conditions and the following disclaimer.
    27                           ; 
    28                           ;     2. Redistributions in binary form must reproduce the above copyright notice, this 
      +                          list
    29                           ;        of conditions and the following disclaimer in the documentation and/or other
    30                           ;        materials provided with the distribution.
    31                           ; 
    32                           ;     3. Microchip's name may not be used to endorse or promote products derived from th
      +                          is
    33                           ;        software without specific prior written permission.
    34                           ; 
    35                           ; THIS SOFTWARE IS PROVIDED BY MICROCHIP "AS IS" AND ANY EXPRESS OR IMPLIED WARRANTIES,
    36                           ; INCLUDING, BUT NOT LIMITED TO, THE IMPLIED WARRANTIES OF MERCHANTABILITY AND FITNESS F
      +                          OR
    37                           ; PURPOSE ARE DISCLAIMED.  IN NO EVENT SHALL MICROCHIP BE LIABLE FOR ANY DIRECT, INDIREC
      +                          T,
    38                           ; INCIDENTAL, SPECIAL, EXEMPLARY, OR CONSEQUENTIAL DAMAGES (INCLUDING BUT NOT LIMITED TO
    39                           ; PROCUREMENT OF SUBSTITUTE GOODS OR SERVICES; LOSS OF USE, DATA OR PROFITS; OR BUSINESS
    40                           ; INTERRUPTION) HOWSOEVER CAUSED AND ON ANY THEORY OF LIABILITY, WHETHER IN CONTRACT, ST
      +                          RICT
    41                           ; LIABILITY, OR TORT (INCLUDING NEGLIGENCE OR OTHERWISE) ARISING IN ANY WAY OUT OF THE U
      +                          SE OF
    42                           ; THIS SOFTWARE, EVEN IF ADVISED OF THE POSSIBILITY OF SUCH DAMAGE.
    43                           ; 
    44                           ; 
    45                           ; Code-generator required, PIC18F24K22 Definitions
    46                           ; 
    47                           ; SFR Addresses
    48  0000                     _ANSELA	set	3896
    49  0000                     _ANSELB	set	3897
    50  0000                     _ANSELC	set	3898
    51  0000                     _INTCONbits	set	4082
    52  0000                     _INTCON2bits	set	4081
    53  0000                     _WPUB	set	3937
    54  0000                     _TRISC	set	3988
    55  0000                     _TRISB	set	3987
    56  0000                     _TRISA	set	3986
    57  0000                     _LATC	set	3979
    58  0000                     _LATB	set	3978
    59  0000                     _LATA	set	3977
    60  0000                     _OSCTUNE	set	3995
    61  0000                     _OSCCON2	set	4050
    62  0000                     _OSCCON	set	4051
    63                           
    64                           ; #config settings
    65  0000                     
    66                           	psect	cinit
    67  003FB8                     __pcinit:
    68                           	opt stack 0
    69  003FB8                     start_initialization:
    70                           	opt stack 0
    71  003FB8                     __initialization:
    72                           	opt stack 0
    73  003FB8                     end_of_initialization:
    74                           	opt stack 0
    75  003FB8                     __end_of__initialization:
    76                           	opt stack 0
    77  003FB8  0100               	movlb	0
    78  003FBA  EFD9  F01F         	goto	_main	;jump to C main() function
    79                           
    80                           	psect	cstackCOMRAM
    81  000000                     __pcstackCOMRAM:
    82                           	opt stack 0
    83  000000                     
    84                           ; 1 bytes @ 0x0
    85 ;;
    86 ;;Main: autosize = 0, tempsize = 0, incstack = 0, save=0
    87 ;;
    88 ;; *************** function _main *****************
    89 ;; Defined at:
    90 ;;		line 49 in file "main.c"
    91 ;; Parameters:    Size  Location     Type
    92 ;;		None
    93 ;; Auto vars:     Size  Location     Type
    94 ;;		None
    95 ;; Return value:  Size  Location     Type
    96 ;;                  1    wreg      void 
    97 ;; Registers used:
    98 ;;		wreg, status,2, cstack
    99 ;; Tracked objects:
   100 ;;		On entry : 0/0
   101 ;;		On exit  : 0/0
   102 ;;		Unchanged: 0/0
   103 ;; Data sizes:     COMRAM   BANK0   BANK1   BANK2
   104 ;;      Params:         0       0       0       0
   105 ;;      Locals:         0       0       0       0
   106 ;;      Temps:          0       0       0       0
   107 ;;      Totals:         0       0       0       0
   108 ;;Total ram usage:        0 bytes
   109 ;; Hardware stack levels required when called:    2
   110 ;; This function calls:
   111 ;;		_SYSTEM_Initialize
   112 ;; This function is called by:
   113 ;;		Startup code after reset
   114 ;; This function uses a non-reentrant model
   115 ;;
   116                           
   117                           	psect	text0
   118  003FB2                     __ptext0:
   119                           	opt stack 0
   120  003FB2                     _main:
   121                           	opt stack 29
   122                           
   123                           ;main.c: 52: SYSTEM_Initialize();
   124                           
   125                           ;incstack = 0
   126  003FB2  ECDF  F01F         	call	_SYSTEM_Initialize	;wreg free
   127  003FB6                     l23:
   128                           
   129                           ;main.c: 71: {
   130  003FB6  D7FF               	goto	l23
   131  003FB8                     __end_of_main:
   132                           	opt stack 0
   133                           
   134 ;; *************** function _SYSTEM_Initialize *****************
   135 ;; Defined at:
   136 ;;		line 50 in file "mcc_generated_files/mcc.c"
   137 ;; Parameters:    Size  Location     Type
   138 ;;		None
   139 ;; Auto vars:     Size  Location     Type
   140 ;;		None
   141 ;; Return value:  Size  Location     Type
   142 ;;                  1    wreg      void 
   143 ;; Registers used:
   144 ;;		wreg, status,2, cstack
   145 ;; Tracked objects:
   146 ;;		On entry : 0/0
   147 ;;		On exit  : 0/0
   148 ;;		Unchanged: 0/0
   149 ;; Data sizes:     COMRAM   BANK0   BANK1   BANK2
   150 ;;      Params:         0       0       0       0
   151 ;;      Locals:         0       0       0       0
   152 ;;      Temps:          0       0       0       0
   153 ;;      Totals:         0       0       0       0
   154 ;;Total ram usage:        0 bytes
   155 ;; Hardware stack levels used:    1
   156 ;; Hardware stack levels required when called:    1
   157 ;; This function calls:
   158 ;;		_OSCILLATOR_Initialize
   159 ;;		_PIN_MANAGER_Initialize
   160 ;; This function is called by:
   161 ;;		_main
   162 ;; This function uses a non-reentrant model
   163 ;;
   164                           
   165                           	psect	text1
   166  003FBE                     __ptext1:
   167                           	opt stack 0
   168  003FBE                     _SYSTEM_Initialize:
   169                           	opt stack 29
   170                           
   171                           ;mcc.c: 53: PIN_MANAGER_Initialize();
   172                           
   173                           ;incstack = 0
   174  003FBE  ECEB  F01F         	call	_PIN_MANAGER_Initialize	;wreg free
   175                           
   176                           ;mcc.c: 54: OSCILLATOR_Initialize();
   177  003FC2  ECE4  F01F         	call	_OSCILLATOR_Initialize	;wreg free
   178  003FC6  0012               	return		;funcret
   179  003FC8                     __end_of_SYSTEM_Initialize:
   180                           	opt stack 0
   181                           
   182 ;; *************** function _PIN_MANAGER_Initialize *****************
   183 ;; Defined at:
   184 ;;		line 57 in file "mcc_generated_files/pin_manager.c"
   185 ;; Parameters:    Size  Location     Type
   186 ;;		None
   187 ;; Auto vars:     Size  Location     Type
   188 ;;		None
   189 ;; Return value:  Size  Location     Type
   190 ;;                  1    wreg      void 
   191 ;; Registers used:
   192 ;;		wreg, status,2
   193 ;; Tracked objects:
   194 ;;		On entry : 0/0
   195 ;;		On exit  : 0/0
   196 ;;		Unchanged: 0/0
   197 ;; Data sizes:     COMRAM   BANK0   BANK1   BANK2
   198 ;;      Params:         0       0       0       0
   199 ;;      Locals:         0       0       0       0
   200 ;;      Temps:          0       0       0       0
   201 ;;      Totals:         0       0       0       0
   202 ;;Total ram usage:        0 bytes
   203 ;; Hardware stack levels used:    1
   204 ;; This function calls:
   205 ;;		Nothing
   206 ;; This function is called by:
   207 ;;		_SYSTEM_Initialize
   208 ;; This function uses a non-reentrant model
   209 ;;
   210                           
   211                           	psect	text2
   212  003FD6                     __ptext2:
   213                           	opt stack 0
   214  003FD6                     _PIN_MANAGER_Initialize:
   215                           	opt stack 29
   216                           
   217                           ;pin_manager.c: 62: LATA = 0x00;
   218                           
   219                           ;incstack = 0
   220  003FD6  0E00               	movlw	0
   221  003FD8  6E89               	movwf	3977,c	;volatile
   222                           
   223                           ;pin_manager.c: 63: LATB = 0x00;
   224  003FDA  0E00               	movlw	0
   225  003FDC  6E8A               	movwf	3978,c	;volatile
   226                           
   227                           ;pin_manager.c: 64: LATC = 0x00;
   228  003FDE  0E00               	movlw	0
   229  003FE0  6E8B               	movwf	3979,c	;volatile
   230                           
   231                           ;pin_manager.c: 69: TRISA = 0xFB;
   232  003FE2  0EFB               	movlw	251
   233  003FE4  6E92               	movwf	3986,c	;volatile
   234                           
   235                           ;pin_manager.c: 70: TRISB = 0xFF;
   236  003FE6  6893               	setf	3987,c	;volatile
   237                           
   238                           ;pin_manager.c: 71: TRISC = 0xFF;
   239  003FE8  6894               	setf	3988,c	;volatile
   240                           
   241                           ;pin_manager.c: 76: ANSELC = 0xFC;
   242  003FEA  0EFC               	movlw	252
   243  003FEC  010F               	movlb	15	; () banked
   244  003FEE  6F3A               	movwf	58,b	;volatile
   245                           
   246                           ;pin_manager.c: 77: ANSELB = 0x3F;
   247  003FF0  0E3F               	movlw	63
   248  003FF2  6F39               	movwf	57,b	;volatile
   249                           
   250                           ;pin_manager.c: 78: ANSELA = 0x2F;
   251  003FF4  0E2F               	movlw	47
   252  003FF6  6F38               	movwf	56,b	;volatile
   253                           
   254                           ;pin_manager.c: 83: WPUB = 0x00;
   255  003FF8  0E00               	movlw	0
   256  003FFA  6E61               	movwf	3937,c	;volatile
   257                           
   258                           ; BSR set to: 15
   259                           ;pin_manager.c: 84: INTCON2bits.nRBPU = 1;
   260  003FFC  8EF1               	bsf	intcon2,7,c	;volatile
   261                           
   262                           ; BSR set to: 15
   263  003FFE  0012               	return		;funcret
   264  004000                     __end_of_PIN_MANAGER_Initialize:
   265                           	opt stack 0
   266                           intcon2	equ	0xFF1
   267                           
   268 ;; *************** function _OSCILLATOR_Initialize *****************
   269 ;; Defined at:
   270 ;;		line 57 in file "mcc_generated_files/mcc.c"
   271 ;; Parameters:    Size  Location     Type
   272 ;;		None
   273 ;; Auto vars:     Size  Location     Type
   274 ;;		None
   275 ;; Return value:  Size  Location     Type
   276 ;;                  1    wreg      void 
   277 ;; Registers used:
   278 ;;		wreg, status,2
   279 ;; Tracked objects:
   280 ;;		On entry : 0/0
   281 ;;		On exit  : 0/0
   282 ;;		Unchanged: 0/0
   283 ;; Data sizes:     COMRAM   BANK0   BANK1   BANK2
   284 ;;      Params:         0       0       0       0
   285 ;;      Locals:         0       0       0       0
   286 ;;      Temps:          0       0       0       0
   287 ;;      Totals:         0       0       0       0
   288 ;;Total ram usage:        0 bytes
   289 ;; Hardware stack levels used:    1
   290 ;; This function calls:
   291 ;;		Nothing
   292 ;; This function is called by:
   293 ;;		_SYSTEM_Initialize
   294 ;; This function uses a non-reentrant model
   295 ;;
   296                           
   297                           	psect	text3
   298  003FC8                     __ptext3:
   299                           	opt stack 0
   300  003FC8                     _OSCILLATOR_Initialize:
   301                           	opt stack 29
   302                           
   303                           ;mcc.c: 60: OSCCON = 0x42;
   304                           
   305                           ; BSR set to: 15
   306                           ;incstack = 0
   307  003FC8  0E42               	movlw	66
   308  003FCA  6ED3               	movwf	4051,c	;volatile
   309                           
   310                           ;mcc.c: 62: OSCCON2 = 0x04;
   311  003FCC  0E04               	movlw	4
   312  003FCE  6ED2               	movwf	4050,c	;volatile
   313                           
   314                           ;mcc.c: 64: OSCTUNE = 0x00;
   315  003FD0  0E00               	movlw	0
   316  003FD2  6E9B               	movwf	3995,c	;volatile
   317  003FD4  0012               	return		;funcret
   318  003FD6                     __end_of_OSCILLATOR_Initialize:
   319                           	opt stack 0
   320  0000                     intcon2	equ	0xFF1
   321                           intcon2	equ	0xFF1
   322                           
   323                           	psect	rparam
   324  0000                     intcon2	equ	0xFF1


Data Sizes:
    Strings     0
    Constant    0
    Data        0
    BSS         0
    Persistent  0
    Stack       0

Auto Spaces:
    Space          Size  Autos    Used
    COMRAM           95      0       0
    BANK0           160      0       0
    BANK1           256      0       0
    BANK2           256      0       0

Pointer List with Targets:

    None.

Critical Paths under _main in COMRAM

    None.

Critical Paths under _main in BANK0

    None.

Critical Paths under _main in BANK1

    None.

Critical Paths under _main in BANK2

    None.

Call Graph Tables:

 ---------------------------------------------------------------------------------
 (Depth) Function   	        Calls       Base Space   Used Autos Params    Refs
 ---------------------------------------------------------------------------------
 (0) _main                                                 0     0      0       0
                  _SYSTEM_Initialize
 ---------------------------------------------------------------------------------
 (1) _SYSTEM_Initialize                                    0     0      0       0
              _OSCILLATOR_Initialize
             _PIN_MANAGER_Initialize
 ---------------------------------------------------------------------------------
 (2) _PIN_MANAGER_Initialize                               0     0      0       0
 ---------------------------------------------------------------------------------
 (2) _OSCILLATOR_Initialize                                0     0      0       0
 ---------------------------------------------------------------------------------
 Estimated maximum stack depth 2
 ---------------------------------------------------------------------------------

 Call Graph Graphs:

 _main (ROOT)
   _SYSTEM_Initialize
     _OSCILLATOR_Initialize
     _PIN_MANAGER_Initialize

 Address spaces:
Name               Size   Autos  Total    Cost      Usage
BITCOMRAM           5F      0       0       0        0.0%
EEDATA             100      0       0       0        0.0%
NULL                 0      0       0       0        0.0%
CODE                 0      0       0       0        0.0%
COMRAM              5F      0       0       1        0.0%
STACK                0      0       0       2        0.0%
BITBANK0            A0      0       0       3        0.0%
BANK0               A0      0       0       4        0.0%
BANK1              100      0       0       5        0.0%
BITBANK2           100      0       0       6        0.0%
BANK2              100      0       0       7        0.0%
ABS                  0      0       0       8        0.0%
BITBANK1           100      0       0       9        0.0%
BIGRAM             2FF      0       0      10        0.0%
DATA                 0      0       0      11        0.0%
BITSFR_1             0      0       0     200        0.0%
SFR_1                0      0       0     200        0.0%
BITSFR               0      0       0     200        0.0%
SFR                  0      0       0     200        0.0%


Microchip Technology PIC18 Macro Assembler V1.45 build -152302408 
Symbol Table                                                                                   Wed Jun 20 15:40:09 2018

                             l23 3FB6                     __CFG_CP0$OFF 000000  
                   __CFG_CP1$OFF 000000                      __CFG_LVP$ON 000000  
                   __CFG_CPB$OFF 000000                     __CFG_CPD$OFF 000000  
                           _LATA 000F89                             _LATB 000F8A  
                           _LATC 000F8B                             _WPUB 000F61  
                           _main 3FB2                    __CFG_BORV$190 000000  
                           start 0000                    __CFG_IESO$OFF 000000  
                   ___param_bank 000000   __size_of_OSCILLATOR_Initialize 000E  
  __end_of_OSCILLATOR_Initialize 3FD6                            ?_main 0000  
                 __CFG_DEBUG$OFF 000000                            _TRISA 000F92  
                          _TRISB 000F93                            _TRISC 000F94  
                  __CFG_WRT0$OFF 000000                    __CFG_WRT1$OFF 000000  
                 __CFG_EBTR0$OFF 000000                   __CFG_FCMEN$OFF 000000  
                 __CFG_EBTR1$OFF 000000                    __CFG_WRTB$OFF 000000  
                  __CFG_WRTC$OFF 000000                    __CFG_WRTD$OFF 000000  
                 __CFG_EBTRB$OFF 000000               __CFG_MCLRE$EXTMCLR 000000  
                 __CFG_HFOFST$ON 000000                   __CFG_PBADEN$ON 000000  
                __initialization 3FB8                     __end_of_main 3FB8  
                         ??_main 0000                    __activetblptr 000000  
                         _ANSELA 000F38                           _ANSELB 000F39  
                         _ANSELC 000F3A                   __CFG_WDTEN$OFF 000000  
                         _OSCCON 000FD3                   __CFG_XINST$OFF 000000  
                 __CFG_STVREN$ON 000000                _SYSTEM_Initialize 3FBE  
                     __accesstop 0060          __end_of__initialization 3FB8  
             ?_SYSTEM_Initialize 0000                    ___rparam_used 000001  
                 __pcstackCOMRAM 0000              ??_SYSTEM_Initialize 0000  
      __end_of_SYSTEM_Initialize 3FC8                  __CFG_PLLCFG$OFF 000000  
             __CFG_CCP2MX$PORTC1 000000               __CFG_CCP3MX$PORTB5 000000  
                        _OSCCON2 000FD2                          _OSCTUNE 000F9B  
                __CFG_PWRTEN$OFF 000000                          __Hparam 0000  
                        __Lparam 0000                          __pcinit 3FB8  
                        __ramtop 0300                          __ptext0 3FB2  
                        __ptext1 3FBE                          __ptext2 3FD6  
                        __ptext3 3FC8            _OSCILLATOR_Initialize 3FC8  
       ??_PIN_MANAGER_Initialize 0000       __size_of_SYSTEM_Initialize 000A  
           end_of_initialization 3FB8           ?_OSCILLATOR_Initialize 0000  
            start_initialization 3FB8  __size_of_PIN_MANAGER_Initialize 002A  
         _PIN_MANAGER_Initialize 3FD6                 __CFG_PRICLKEN$ON 000000  
               __CFG_WDTPS$32768 000000                      _INTCON2bits 000FF1  
                       __Hrparam 0000                         __Lrparam 0000  
             __CFG_BOREN$SBORDIS 000000                __CFG_P2BMX$PORTB5 000000  
        ??_OSCILLATOR_Initialize 0000                    __size_of_main 0006  
                     _INTCONbits 000FF2          ?_PIN_MANAGER_Initialize 0000  
              __CFG_T3CMX$PORTC0 000000   __end_of_PIN_MANAGER_Initialize 4000  
              __CFG_FOSC$INTIO67 000000  
